<?xml version="1.0" encoding="UTF-8"?>
<testsuite xmlns:xsi="http://www.w3.org/2001/XMLSchema-instance" xsi:noNamespaceSchemaLocation="https://maven.apache.org/surefire/maven-surefire-plugin/xsd/surefire-test-report.xsd" name="agenda.EventTest" time="0.024" tests="4" errors="0" skipped="0" failures="0">
  <properties>
[...]
</properties>
  <testcase name="overlappingEventIsInDayAfter" classname="agenda.EventTest" time="0.022"/>
  <testcase name="eventIsNotInDayBefore" classname="agenda.EventTest" time="0"/>
  <testcase name="toStringShowsEventTitle" classname="agenda.EventTest" time="0"/>
  <testcase name="eventIsInItsStartDay" classname="agenda.EventTest" time="0.001"/>
</testsuite>